2023-06-16 00:05:37.602 [main] INFO  repairshop.menu.MenuHelper - 
 ***** Presenting Main Menu ***** 
2023-06-16 00:05:37.606 [main] INFO  repairshop.menu.MenuHelper - 
 1. Create New Account
2023-06-16 00:05:37.606 [main] INFO  repairshop.menu.MenuHelper - 
 2. Login
2023-06-16 00:05:37.606 [main] INFO  repairshop.menu.MenuHelper - 
 3. Work Request Enquiry
2023-06-16 00:05:37.606 [main] INFO  repairshop.menu.MenuHelper - 
 Enter selection : 
2023-06-16 00:05:47.630 [main] INFO  repairshop.menu.CustomerMenu - 
Login Successful. Welcome Mark Shelton
2023-06-16 00:05:47.630 [main] INFO  repairshop.menu.MenuHelper - 

 Do you want to go back to Main Menu : 
2023-06-16 00:05:52.414 [main] INFO  repairshop.menu.MenuHelper - 
 ***** Presenting Main Menu ***** 
2023-06-16 00:05:52.415 [main] INFO  repairshop.menu.MenuHelper - 
 1. Create New Account
2023-06-16 00:05:52.415 [main] INFO  repairshop.menu.MenuHelper - 
 2. Login
2023-06-16 00:05:52.415 [main] INFO  repairshop.menu.MenuHelper - 
 3. Work Request Enquiry
2023-06-16 00:05:52.415 [main] INFO  repairshop.menu.MenuHelper - 
 Enter selection : 
2023-06-16 00:05:55.602 [main] INFO  repairshop.menu.WorkTypeMenu - 
Device Brands : 
2023-06-16 00:05:59.770 [main] INFO  repairshop.menu.WorkTypeMenu - 
Device Types for [Apple] : 
2023-06-16 00:06:03.113 [main] INFO  repairshop.menu.WorkTypeMenu - 
Devices for [Apple | smartphone]: 
2023-06-16 00:06:09.510 [main] INFO  repairshop.menu.WorkTypeMenu - 
Work Types for [Apple | smartphone | iPhone 14]: 
2023-06-16 00:06:17.249 [main] INFO  repairshop.menu.WorkTypeMenu - 
Details of selected Work Type :
2023-06-16 00:06:17.250 [main] INFO  repairshop.menu.WorkTypeMenu - 
Details of selected Work Type [Apple | smartphone | iPhone 14 | Screen Replacement]: 
2023-06-16 00:06:17.250 [main] INFO  repairshop.menu.WorkTypeMenu - Work Type ID: 1 | Work Description: Screen Replacement | Price: 200.0 | Device ID: 1
2023-06-16 00:06:17.250 [main] INFO  repairshop.menu.MenuHelper - 

 Do you want to go back to Main Menu : 
